<?xml version="1.0" encoding="UTF-8"?>
<!-- Generated by org.testng.reporters.JUnitXMLReporter -->
<testsuite ignored="0" hostname="DESKTOP-F16SBAK" failures="0" tests="3" name="Test" time="20.683" errors="0" timestamp="2025-06-08T00:36:09 IST">
  <testcase classname="omayo.testcases.HomePageVerification" name="verifyHomePage" time="0.528"/>
  <testcase classname="omayo.testcases.VerifyDropdownFunctionality" name="verifyDropdownFunctionality" time="0.606"/>
  <testcase classname="omayo.testcases.VerifyValidUserLogin" name="verifyValidLogin" time="6.41"/>
</testsuite> <!-- Test -->
