<?xml version="1.0" encoding="UTF-8"?>
<testng-results ignored="0" total="3" passed="3" failed="0" skipped="0">
  <reporter-output>
  </reporter-output>
  <suite started-at="2025-06-08T00:35:48 IST" name="Suite" finished-at="2025-06-08T00:36:09 IST" duration-ms="20683">
    <groups>
      <group name="regerssion">
        <method signature="VerifyDropdownFunctionality.verifyDropdownFunctionality()[pri:0, instance:omayo.testcases.VerifyDropdownFunctionality@61322f9d]" name="verifyDropdownFunctionality" class="omayo.testcases.VerifyDropdownFunctionality"/>
      </group> <!-- regerssion -->
      <group name="sanity}">
        <method signature="VerifyValidUserLogin.verifyValidLogin()[pri:0, instance:omayo.testcases.VerifyValidUserLogin@6ad82709]" name="verifyValidLogin" class="omayo.testcases.VerifyValidUserLogin"/>
      </group> <!-- sanity} -->
    </groups>
    <test started-at="2025-06-08T00:35:48 IST" name="Test" finished-at="2025-06-08T00:36:09 IST" duration-ms="20683">
      <class name="omayo.testcases.VerifyDropdownFunctionality">
        <test-method is-config="true" signature="setup()[pri:0, instance:omayo.testcases.VerifyDropdownFunctionality@61322f9d]" started-at="2025-06-08T00:35:49 IST" name="setup" finished-at="2025-06-08T00:36:05 IST" duration-ms="16851" status="PASS">
          <reporter-output>
          </reporter-output>
        </test-method> <!-- setup -->
        <test-method signature="verifyDropdownFunctionality()[pri:0, instance:omayo.testcases.VerifyDropdownFunctionality@61322f9d]" started-at="2025-06-08T00:36:05 IST" name="verifyDropdownFunctionality" description="Verify older news letters dropdown functionality" finished-at="2025-06-08T00:36:06 IST" duration-ms="606" status="PASS">
          <reporter-output>
          </reporter-output>
        </test-method> <!-- verifyDropdownFunctionality -->
        <test-method is-config="true" signature="tearDown()[pri:0, instance:omayo.testcases.VerifyDropdownFunctionality@61322f9d]" started-at="2025-06-08T00:36:06 IST" name="tearDown" finished-at="2025-06-08T00:36:07 IST" duration-ms="616" status="PASS">
          <reporter-output>
          </reporter-output>
        </test-method> <!-- tearDown -->
      </class> <!-- omayo.testcases.VerifyDropdownFunctionality -->
      <class name="omayo.testcases.VerifyValidUserLogin">
        <test-method is-config="true" signature="setup()[pri:0, instance:omayo.testcases.VerifyValidUserLogin@6ad82709]" started-at="2025-06-08T00:35:49 IST" name="setup" finished-at="2025-06-08T00:36:02 IST" duration-ms="13506" status="PASS">
          <reporter-output>
          </reporter-output>
        </test-method> <!-- setup -->
        <test-method signature="verifyValidLogin()[pri:0, instance:omayo.testcases.VerifyValidUserLogin@6ad82709]" started-at="2025-06-08T00:36:02 IST" name="verifyValidLogin" description="Verify valid user login" finished-at="2025-06-08T00:36:09 IST" duration-ms="6410" status="PASS">
          <reporter-output>
          </reporter-output>
        </test-method> <!-- verifyValidLogin -->
        <test-method is-config="true" signature="tearDown()[pri:0, instance:omayo.testcases.VerifyValidUserLogin@6ad82709]" started-at="2025-06-08T00:36:09 IST" name="tearDown" finished-at="2025-06-08T00:36:09 IST" duration-ms="602" status="PASS">
          <reporter-output>
          </reporter-output>
        </test-method> <!-- tearDown -->
      </class> <!-- omayo.testcases.VerifyValidUserLogin -->
      <class name="omayo.testcases.HomePageVerification">
        <test-method is-config="true" signature="setup()[pri:0, instance:omayo.testcases.HomePageVerification@6a78afa0]" started-at="2025-06-08T00:35:49 IST" name="setup" finished-at="2025-06-08T00:36:04 IST" duration-ms="15559" status="PASS">
          <reporter-output>
          </reporter-output>
        </test-method> <!-- setup -->
        <test-method signature="verifyHomePage()[pri:0, instance:omayo.testcases.HomePageVerification@6a78afa0]" started-at="2025-06-08T00:36:04 IST" name="verifyHomePage" finished-at="2025-06-08T00:36:05 IST" duration-ms="528" status="PASS">
          <reporter-output>
          </reporter-output>
        </test-method> <!-- verifyHomePage -->
        <test-method is-config="true" signature="tearDown()[pri:0, instance:omayo.testcases.HomePageVerification@6a78afa0]" started-at="2025-06-08T00:36:05 IST" name="tearDown" finished-at="2025-06-08T00:36:06 IST" duration-ms="1338" status="PASS">
          <reporter-output>
          </reporter-output>
        </test-method> <!-- tearDown -->
      </class> <!-- omayo.testcases.HomePageVerification -->
    </test> <!-- Test -->
  </suite> <!-- Suite -->
</testng-results>
