<?xml version="1.0" encoding="UTF-8"?>
<!-- Generated by org.testng.reporters.JUnitReportReporter -->
<testsuite hostname="DESKTOP-F16SBAK" failures="0" tests="4" name="SeleniumPractices.LoginFunctionality" time="0.015" errors="0" timestamp="2025-06-05T11:59:48 IST" skipped="0">
  <testcase classname="SeleniumPractices.LoginFunctionality" name="verifyPageUrl" time="0.002"/>
  <testcase classname="SeleniumPractices.LoginFunctionality" name="verifyMoneyTransferToOwnAccount" time="0.003"/>
  <testcase classname="SeleniumPractices.LoginFunctionality" name="verifyPageTitle" time="0.002"/>
  <testcase classname="SeleniumPractices.LoginFunctionality" name="verifyMoneyTransfer" time="0.008"/>
</testsuite> <!-- SeleniumPractices.LoginFunctionality -->
