<?xml version="1.0" encoding="UTF-8"?>
<!-- Generated by org.testng.reporters.JUnitReportReporter -->
<testsuite hostname="DESKTOP-F16SBAK" failures="0" tests="2" name="SeleniumPractices.VerifyHomePageFunctionlity" time="8.841" errors="0" timestamp="2025-06-05T11:59:48 IST" skipped="1">
  <testcase classname="SeleniumPractices.VerifyHomePageFunctionlity" name="verifyHomePageTitle" time="8.841"/>
  <testcase classname="SeleniumPractices.VerifyHomePageFunctionlity" name="verifyHomePageUrl">
    <skipped/>
  </testcase> <!-- verifyHomePageUrl -->
</testsuite> <!-- SeleniumPractices.VerifyHomePageFunctionlity -->
